<?xml version="1.0" encoding="UTF-8"?>
<testng-results ignored="1" total="4" passed="3" failed="0" skipped="0">
  <reporter-output>
  </reporter-output>
  <suite started-at="2022-07-25T11:05:07 IST" name="AutomationTesting" finished-at="2022-07-25T11:06:01 IST" duration-ms="53816">
    <groups>
      <group name="Sanity">
        <method signature="Assignment3.navigateTo()[pri:1, instance:com.here.testcases.Assignment3@3bb9a3ff]" name="navigateTo" class="com.here.testcases.Assignment3"/>
      </group> <!-- Sanity -->
    </groups>
    <test started-at="2022-07-25T11:05:07 IST" name="Assignment1" finished-at="2022-07-25T11:05:17 IST" duration-ms="9357">
      <class name="com.here.testcases.searchMapInformation">
        <test-method signature="searchingLocation()[pri:0, instance:com.here.testcases.searchMapInformation@c267ef4]" started-at="2022-07-25T11:05:07 IST" name="searchingLocation" finished-at="2022-07-25T11:05:17 IST" duration-ms="9322" status="PASS">
          <reporter-output>
          </reporter-output>
        </test-method> <!-- searchingLocation -->
      </class> <!-- com.here.testcases.searchMapInformation -->
    </test> <!-- Assignment1 -->
    <test started-at="2022-07-25T11:05:17 IST" name="Assignment3" finished-at="2022-07-25T11:05:23 IST" duration-ms="6535">
      <class name="com.here.testcases.Assignment3">
        <test-method signature="navigateTo()[pri:1, instance:com.here.testcases.Assignment3@3bb9a3ff]" started-at="2022-07-25T11:05:17 IST" name="navigateTo" finished-at="2022-07-25T11:05:23 IST" duration-ms="6528" status="PASS">
          <reporter-output>
          </reporter-output>
        </test-method> <!-- navigateTo -->
      </class> <!-- com.here.testcases.Assignment3 -->
    </test> <!-- Assignment3 -->
    <test started-at="2022-07-25T11:05:23 IST" name="Assignment2" finished-at="2022-07-25T11:06:01 IST" duration-ms="37895">
      <class name="com.here.testcases.Assignment2">
        <test-method signature="movie()[pri:0, instance:com.here.testcases.Assignment2@a514af7]" started-at="2022-07-25T11:05:23 IST" name="movie" finished-at="2022-07-25T11:06:01 IST" duration-ms="37891" status="PASS">
          <reporter-output>
          </reporter-output>
        </test-method> <!-- movie -->
      </class> <!-- com.here.testcases.Assignment2 -->
    </test> <!-- Assignment2 -->
  </suite> <!-- AutomationTesting -->
</testng-results>
