<?xml version="1.0" encoding="UTF-8"?>
<!-- Generated by org.testng.reporters.JUnitXMLReporter -->
<testsuite ignored="1" hostname="DESKTOP-OEE7BVT" failures="0" tests="1" name="Assignment3" time="6.535" errors="0" timestamp="2022-07-25T11:05:23 IST">
  <testcase classname="com.here.testcases.Assignment3" name="navigateTo" time="6.528"/>
  <testcase classname="com.here.testcases.Assignment3" name="verifyOperations" time="0.0">
    <ignored/>
  </testcase> <!-- verifyOperations -->
</testsuite> <!-- Assignment3 -->
